Change Component Designator: OldDesignator=? NewDesignator=1
Change Component Designator: OldDesignator=C? NewDesignator=C15
Change Component Designator: OldDesignator=C? NewDesignator=C17
Change Component Designator: OldDesignator=C? NewDesignator=C18
Change Component Designator: OldDesignator=C? NewDesignator=C19
Change Component Designator: OldDesignator=C? NewDesignator=C20
Change Component Designator: OldDesignator=Q? NewDesignator=Q1
Change Component Designator: OldDesignator=R? NewDesignator=R7
Change Net Name : Old Net Name=Net?_1 New Net Name=Net1_1
Change Net Name : Old Net Name=Net?_3 New Net Name=Net1_3
Change Net Name : Old Net Name=NetC?_2 New Net Name=NetC18_2
Change Net Name : Old Net Name=NetQ?_1 New Net Name=NetQ1_1
Added Pin To Net: NetName=NetC15_2 Pin=C15-2
Added Pin To Net: NetName=NetC15_2 Pin=U3-21
Added Pin To Net: NetName=NetC15_2 Pin=U4-8
Added Net: Name=NetC15_2
Added Pin To Net: NetName=NetC17_2 Pin=C17-2
Added Pin To Net: NetName=NetC17_2 Pin=U3-20
Added Pin To Net: NetName=NetC17_2 Pin=U4-10
Added Net: Name=NetC17_2
Added Member To Class: ClassName=bag_tag_v1 Member=Component C15 30nF
Added Member To Class: ClassName=bag_tag_v1 Member=Component C17 30nF
Added Member To Class: ClassName=bag_tag_v1 Member=Component C19 22pF
Added Member To Class: ClassName=bag_tag_v1 Member=Component C20 22pF
