Removed Member From Class: ClassName=bag_tag_v1 Member=16Mhz_smd
Change Component Designator: OldDesignator=1 NewDesignator=2
Change Component Designator: OldDesignator=16Mhz_smd NewDesignator=1
Change Component Designator: OldDesignator=C3 NewDesignator=C9
Change Component Designator: OldDesignator=C4 NewDesignator=C10
Change Component Designator: OldDesignator=C5 NewDesignator=C11
Change Component Designator: OldDesignator=C6 NewDesignator=C12
Change Component Designator: OldDesignator=C7 NewDesignator=C13
Change Component Designator: OldDesignator=C8 NewDesignator=C14
Change Component Designator: OldDesignator=C9 NewDesignator=C15
Change Component Designator: OldDesignator=C10 NewDesignator=C17
Change Component Designator: OldDesignator=C11 NewDesignator=C18
Change Component Designator: OldDesignator=C12 NewDesignator=C5
Change Component Designator: OldDesignator=C13 NewDesignator=C3
Change Component Designator: OldDesignator=C14 NewDesignator=C4
Change Component Designator: OldDesignator=C15 NewDesignator=C6
Change Component Designator: OldDesignator=C17 NewDesignator=C7
Change Component Designator: OldDesignator=C18 NewDesignator=C8
Change Component Designator: OldDesignator=R1 NewDesignator=R4
Change Component Designator: OldDesignator=R2 NewDesignator=R7
Change Component Designator: OldDesignator=R3 NewDesignator=R9
Change Component Designator: OldDesignator=R4 NewDesignator=R5
Change Component Designator: OldDesignator=R5 NewDesignator=R6
Change Component Designator: OldDesignator=R6 NewDesignator=R14
Change Component Designator: OldDesignator=R7 NewDesignator=R1
Change Component Designator: OldDesignator=R8 NewDesignator=R2
Change Component Designator: OldDesignator=R9 NewDesignator=R3
Change Component Designator: OldDesignator=R10 NewDesignator=R8
Change Component Designator: OldDesignator=R11 NewDesignator=R10
Change Component Designator: OldDesignator=R12 NewDesignator=R11
Change Component Designator: OldDesignator=R13 NewDesignator=R12
Change Component Designator: OldDesignator=R14 NewDesignator=R13
Change Component Designator: OldDesignator=U2 NewDesignator=U3
Change Component Designator: OldDesignator=U3 NewDesignator=U4
Change Component Designator: OldDesignator=U4 NewDesignator=U2
Change Net Name : Old Net Name=Net1_1 New Net Name=Net2_1
Change Net Name : Old Net Name=Net1_3 New Net Name=Net2_3
Change Net Name : Old Net Name=Net16Mhz_smd_1 New Net Name=Net1_1
Change Net Name : Old Net Name=Net16Mhz_smd_3 New Net Name=Net1_3
Change Net Name : Old Net Name=NetC3_1 New Net Name=NetC9_1
Change Net Name : Old Net Name=NetC6_2 New Net Name=NetC12_2
Change Net Name : Old Net Name=NetC8_2 New Net Name=NetC14_2
Change Net Name : Old Net Name=NetC12_2 New Net Name=NetC5_2
Change Net Name : Old Net Name=NetC15_2 New Net Name=NetC6_2
Change Net Name : Old Net Name=NetC17_2 New Net Name=NetC7_2
Change Net Name : Old Net Name=NetC18_2 New Net Name=NetC8_2
Change Net Name : Old Net Name=NetR1_2 New Net Name=NetR4_2
Change Net Name : Old Net Name=NetR2_1 New Net Name=NetR7_1
Change Net Name : Old Net Name=NetR5_2 New Net Name=NetR6_2
Change Net Name : Old Net Name=NetR6_2 New Net Name=NetR14_2
Change Net Name : Old Net Name=NetR10_1 New Net Name=NetR8_1
Change Net Name : Old Net Name=NetR11_1 New Net Name=NetR10_1
Change Net Name : Old Net Name=NetR12_1 New Net Name=NetR11_1
Change Net Name : Old Net Name=NetR13_1 New Net Name=NetR12_1
Change Net Name : Old Net Name=NetR14_1 New Net Name=NetR13_1
Change Net Name : Old Net Name=NetU3_1 New Net Name=NetU2_5
Change Net Name : Old Net Name=NetU3_2 New Net Name=NetU2_2
Change Net Name : Old Net Name=NetU3_28 New Net Name=NetU4_28
Added Member To Class: ClassName=bag_tag_v1 Member=Component 2 FA238
Added Room: Name=bag_tag_v1
